
#line 1: "/Users/sgiammoriav/Desktop/NootedGreen-main/tools/ghidra_seed_structs.h"
///+ #ifndef GHIDRA_SEED_STRUCTS_H ===true
///+ #define GHIDRA_SEED_STRUCTS_H ===DEFINED
typedef unsigned char       uint8_t;
typedef unsigned short      uint16_t;
typedef unsigned int        uint32_t;
typedef unsigned long long  uint64_t;


typedef struct CRTCParams {
    uint32_t TRANS_CLK_SEL;        
    uint32_t TRANS_DDI_FUNC_CTL;   
    uint32_t TRANS_DDI_FUNC_CTL2;  
    uint32_t TRANS_MSA_MISC;       
    uint32_t TRANS_HTOTAL;         
    uint32_t TRANS_HBLANK;         
    uint32_t TRANS_HSYNC;          
    uint32_t TRANS_VTOTAL;         
    uint32_t TRANS_VBLANK;         
    uint32_t TRANS_VSYNC;          
    uint32_t PIPE_SRCSZ;           
    uint32_t TRANS_CONF;           
    uint8_t  _pad_0030[0x58];      
    uint32_t PPS_0;                
    uint32_t PPS_1;                
    uint32_t PPS_2;                
    uint32_t PPS_3;                
    uint32_t PPS_4;                
    uint32_t PPS_5;                
    uint32_t PPS_6;                
    uint32_t PPS_7;                
    uint32_t PPS_8;                
    uint32_t PPS_9;                
    uint32_t PPS_10;               
    uint32_t PPS_16;               
    uint8_t  _pad_00B8[0x30];      
    uint32_t DSC_ENGINE_SEL;       
    uint32_t DSC_JOINER_CTL;       
} CRTCParams;


typedef struct PLANEPARAMS {
    uint32_t PLANE_CTL;            
    uint32_t PLANE_STRIDE;         
    uint32_t PLANE_POS;            
    uint32_t PLANE_SIZE;           
    uint32_t PLANE_KEYVAL;         
    uint32_t PLANE_KEYMSK;         
    uint32_t PLANE_OFFSET;         
    uint32_t PLANE_COLOR_CTL;      
    uint32_t PLANE_SURF;           
    uint32_t PLANE_AUX_DIST;       
    uint32_t PLANE_AUX_OFFSET;     
} PLANEPARAMS;


typedef struct SCALERPARAMS {
    uint32_t PS_CTRL;              
    uint32_t PS_WIN_POS;           
    uint32_t PS_WIN_SZ;            
} SCALERPARAMS;


typedef struct ppsOpt_t {
    uint8_t  _opaque[0x50];        
} ppsOpt_t;

typedef struct ppsConfig_t {
    uint8_t  _opaque[0x18C];       
} ppsConfig_t;


typedef struct LinkConfig {
    uint8_t  _opaque[0x80];        
} LinkConfig;

///+ #endif ===true

